Removed Pin From Net: NetName=PGND Pin=UP1-0
Removed Pin From Net: NetName=28V Pin=UP1-1
Removed Pin From Net: NetName=NetDP4_K Pin=UP1-2
Removed Pin From Net: NetName=VCC Pin=UP1-3
Removed Pin From Net: NetName=PGND Pin=UP1-4
Removed Pin From Net: NetName=PGND Pin=UP1-5
Removed Pin From Net: NetName=PGND Pin=UP1-6
Removed Pin From Net: NetName=PGND Pin=UP1-7
Removed Pin From Net: NetName=PGND Pin=UP1-8
Removed Member From Class: ClassName=LA200-GZ Member=UP1
Change Component DesignItemId : Designator=C3 Old DesignItemId=3170011007 New DesignItemId=3172530019
Change Component Footprint: Designator=C3 Old Footprint=C0603 New Footprint=C1206
Change Component Comment : Designator=C3 Old Comment=C0603_1nF New Comment=C1206 10uF/50V
Change Component Comment : Designator=CP5 Old Comment=C0603 10nF/50V  New Comment=C0603 10nF/50V
Change Component Comment : Designator=CP3 Old Comment=VZH471-16V New Comment=CE101010M-470uF/25V
Change Component Comment : Designator=LP2 Old Comment=YKNR6045-220 New Comment=NR6045T220M
Added Component: Designator=RP3(0805_R)
Added Pin To Net: NetName=PGND Pin=RP3-1
Added Pin To Net: NetName=NetRP3_2 Pin=RP3-2
Added Net: Name=NetRP3_2
Added Net: Name=NetUP4_1
Added Member To Class: ClassName=LA200-GZ Member=Component RP3 RP0805J-47K-1/4W
