Removed Pin From Net: NetName=28V Pin=CP1-1
Removed Pin From Net: NetName=28V Pin=CP2-1
Removed Pin From Net: NetName=28V Pin=CP7-1
Removed Pin From Net: NetName=28V Pin=CP10-1
Removed Pin From Net: NetName=28V Pin=DP1-1
Removed Pin From Net: NetName=28V Pin=J2-1
Added Component: Designator=UP1(SOP-8L-EP)
Added Pin To Net: NetName=28V Pin=UP1-0
Added Pin To Net: NetName=NetDP4_K Pin=UP1-2
Added Pin To Net: NetName=VCC Pin=UP1-3
Added Pin To Net: NetName=28V Pin=UP1-4
Added Pin To Net: NetName=28V Pin=UP1-5
Added Pin To Net: NetName=28V Pin=UP1-6
Added Pin To Net: NetName=28V Pin=UP1-7
Added Pin To Net: NetName=28V Pin=UP1-8
Change Net Name : Old Net Name=28V New Net Name=PGND
Added Pin To Net: NetName=28V Pin=CP1-1
Added Pin To Net: NetName=28V Pin=CP2-1
Added Pin To Net: NetName=28V Pin=CP7-1
Added Pin To Net: NetName=28V Pin=CP10-1
Added Pin To Net: NetName=28V Pin=DP1-1
Added Pin To Net: NetName=28V Pin=J2-1
Added Net: Name=28V
Added Member To Class: ClassName=LA200-GZ Member=Component UP1 AX3007
