Removed Pin From Net: NetName=GND Pin=LP1-2
Removed Pin From Net: NetName=28V Pin=RP1-1
Removed Pin From Net: NetName=VCC Pin=RP2-1
Removed Pin From Net: NetName=28V Pin=UP1-1
Removed Pin From Net: NetName=PGND Pin=UP1-3
Removed Pin From Net: NetName=PGND Pin=UP1-3
Removed Pin From Net: NetName=VCC Pin=UP1-5
Removed Member From Class: ClassName=LA200-GZ Member=RP1
Removed Member From Class: ClassName=LA200-GZ Member=RP2
Change Component DesignItemId : Designator=UP1 Old DesignItemId=3100050131 New DesignItemId=AX3007
Change Component DesignItemId : Designator=CP5 Old DesignItemId=3170011015 New DesignItemId=3170011011
Change Component DesignItemId : Designator=CP3 Old DesignItemId=3170030004 New DesignItemId=ELECTRO1
Change Component Footprint: Designator=CP3 Old Footprint=CTAND New Footprint=E10T10
Change Component Comment : Designator=CP5 Old Comment=C0603_0.1uF/50V New Comment=C0603 10nF/50V 
Change Component Comment : Designator=CP3 Old Comment=CtanD(2917)_100uF/25V New Comment=VZH471-16V
Change Component Comment : Designator=UP1 Old Comment=TLE4251G New Comment=AX3007
Change Component Description : Designator=CP5 Old Description=C0603 0.1uF/50V 10% New Description=C0603 10nF/50V  10%
Change Component Description : Designator=UP1 Old Description=TO-263-5 TLE4251G New Description=
Change Component Library : Designator=UP1 Old Library=BMSer.DbLib New Library=scr55_ecu.SCHLIB
Added Component: Designator=C?(C0603)
Added Pin To Net: NetName=VCC Pin=C?-1
Added Pin To Net: NetName=PGND Pin=C?-2
Added Pin To Net: NetName=VCC Pin=CP5-1
Added Pin To Net: NetName=28V Pin=UP1-2
Added Pin To Net: NetName=VCC Pin=UP1-3
Added Pin To Net: NetName=VCC Pin=UP1-3
Added Pin To Net: NetName=NetUP1_0 Pin=UP1-4
Added Pin To Net: NetName=NetUP1_0 Pin=UP1-5
Added Net: Name=NetUP1_0
Added Member To Class: ClassName=LA200-GZ Member=Component C? C0603_1nF
